#
# There is insufficient memory for the Java Runtime Environment to continue.
# Native memory allocation (mmap) failed to map 69206016 bytes for G1 virtual space
# Possible reasons:
#   The system is out of physical RAM or swap space
#   The process is running with CompressedOops enabled, and the Java Heap may be blocking the growth of the native heap
# Possible solutions:
#   Reduce memory load on the system
#   Increase physical memory or swap space
#   Check if swap backing store is full
#   Decrease Java heap size (-Xmx/-Xms)
#   Decrease number of Java threads
#   Decrease Java thread stack sizes (-Xss)
#   Set larger code cache with -XX:ReservedCodeCacheSize=
#   JVM is running with Zero Based Compressed Oops mode in which the Java heap is
#     placed in the first 32GB address space. The Java Heap base address is the
#     maximum limit for the native heap growth. Please use -XX:HeapBaseMinAddress
#     to set the Java Heap base and to place the Java Heap above 32GB virtual address.
# This output file may be truncated or incomplete.
#
#  Out of Memory Error (os_windows.cpp:3550), pid=37048, tid=27932
#
# JRE version: Java(TM) SE Runtime Environment (17.0.8+9) (build 17.0.8+9-LTS-211)
# Java VM: Java HotSpot(TM) 64-Bit Server VM (17.0.8+9-LTS-211, mixed mode, sharing, tiered, compressed oops, compressed class ptrs, g1 gc, windows-amd64)
# No core dump will be written. Minidumps are not enabled by default on client versions of Windows
#

---------------  S U M M A R Y ------------

Command Line: -Dmaven.multiModuleProjectDirectory=D:\Documentos\GITHUB\Proyecto SIMA\backSIMA org.apache.maven.wrapper.MavenWrapperMain clean package -DskipTests

Host: Intel(R) Core(TM) i5-7200U CPU @ 2.50GHz, 4 cores, 15G,  Windows 10 , 64 bit Build 19041 (10.0.19041.1348)
Time: Sat Dec  2 09:30:46 2023 Hora estándar de Argentina elapsed time: 56.396824 seconds (0d 0h 0m 56s)

---------------  T H R E A D  ---------------

Current thread (0x0000025c2fd2a690):  VMThread "VM Thread" [stack: 0x0000006b0d100000,0x0000006b0d200000] [id=27932]

Stack: [0x0000006b0d100000,0x0000006b0d200000]
Native frames: (J=compiled Java code, j=interpreted, Vv=VM code, C=native code)
V  [jvm.dll+0x677d0a]
V  [jvm.dll+0x7d8c54]
V  [jvm.dll+0x7da3fe]
V  [jvm.dll+0x7daa63]
V  [jvm.dll+0x245c5f]
V  [jvm.dll+0x674bb9]
V  [jvm.dll+0x6694f2]
V  [jvm.dll+0x3031d6]
V  [jvm.dll+0x30a756]
V  [jvm.dll+0x359f9e]
V  [jvm.dll+0x35a1cf]
V  [jvm.dll+0x2da3e8]
V  [jvm.dll+0x2d87f5]
V  [jvm.dll+0x2d7dfc]
V  [jvm.dll+0x31b4cb]
V  [jvm.dll+0x7df26b]
V  [jvm.dll+0x7dffa4]
V  [jvm.dll+0x7e04bd]
V  [jvm.dll+0x7e0894]
V  [jvm.dll+0x7e0960]
V  [jvm.dll+0x788bba]
V  [jvm.dll+0x676b35]
C  [ucrtbase.dll+0x21bb2]
C  [KERNEL32.DLL+0x17034]
C  [ntdll.dll+0x52651]

VM_Operation (0x0000006b0cbfa580): G1CollectForAllocation, mode: safepoint, requested by thread 0x0000025c0b96e940


---------------  P R O C E S S  ---------------

Threads class SMR info:
_java_thread_list=0x0000025c78e3b4d0, length=12, elements={
0x0000025c0b96e940, 0x0000025c2fd2fa60, 0x0000025c2fd307e0, 0x0000025c2fd46580,
0x0000025c2fd47040, 0x0000025c2fd49910, 0x0000025c2fd4a5d0, 0x0000025c2fd4b270,
0x0000025c750380c0, 0x0000025c750389e0, 0x0000025c75103e90, 0x0000025c7510cbd0
}

Java Threads: ( => current thread )
  0x0000025c0b96e940 JavaThread "main" [_thread_blocked, id=9200, stack(0x0000006b0cb00000,0x0000006b0cc00000)]
  0x0000025c2fd2fa60 JavaThread "Reference Handler" daemon [_thread_blocked, id=24492, stack(0x0000006b0d200000,0x0000006b0d300000)]
  0x0000025c2fd307e0 JavaThread "Finalizer" daemon [_thread_blocked, id=27540, stack(0x0000006b0d300000,0x0000006b0d400000)]
  0x0000025c2fd46580 JavaThread "Signal Dispatcher" daemon [_thread_blocked, id=11736, stack(0x0000006b0d400000,0x0000006b0d500000)]
  0x0000025c2fd47040 JavaThread "Attach Listener" daemon [_thread_blocked, id=28988, stack(0x0000006b0d500000,0x0000006b0d600000)]
  0x0000025c2fd49910 JavaThread "Service Thread" daemon [_thread_blocked, id=39056, stack(0x0000006b0d600000,0x0000006b0d700000)]
  0x0000025c2fd4a5d0 JavaThread "Monitor Deflation Thread" daemon [_thread_blocked, id=39252, stack(0x0000006b0d700000,0x0000006b0d800000)]
  0x0000025c2fd4b270 JavaThread "C2 CompilerThread0" daemon [_thread_in_native, id=22256, stack(0x0000006b0d800000,0x0000006b0d900000)]
  0x0000025c750380c0 JavaThread "C1 CompilerThread0" daemon [_thread_blocked, id=41884, stack(0x0000006b0d900000,0x0000006b0da00000)]
  0x0000025c750389e0 JavaThread "Sweeper thread" daemon [_thread_blocked, id=33932, stack(0x0000006b0da00000,0x0000006b0db00000)]
  0x0000025c75103e90 JavaThread "Notification Thread" daemon [_thread_blocked, id=18896, stack(0x0000006b0db00000,0x0000006b0dc00000)]
  0x0000025c7510cbd0 JavaThread "Common-Cleaner" daemon [_thread_blocked, id=16200, stack(0x0000006b0dd00000,0x0000006b0de00000)]

Other Threads:
=>0x0000025c2fd2a690 VMThread "VM Thread" [stack: 0x0000006b0d100000,0x0000006b0d200000] [id=27932]
  0x0000025c7510c390 WatcherThread [stack: 0x0000006b0dc00000,0x0000006b0dd00000] [id=17776]
  0x0000025c0b9d8a10 GCTaskThread "GC Thread#0" [stack: 0x0000006b0cc00000,0x0000006b0cd00000] [id=40620]
  0x0000025c757f8a30 GCTaskThread "GC Thread#1" [stack: 0x0000006b0de00000,0x0000006b0df00000] [id=40836]
  0x0000025c75770060 GCTaskThread "GC Thread#2" [stack: 0x0000006b0df00000,0x0000006b0e000000] [id=35276]
  0x0000025c758805a0 GCTaskThread "GC Thread#3" [stack: 0x0000006b0e000000,0x0000006b0e100000] [id=42320]
  0x0000025c0b9ea670 ConcurrentGCThread "G1 Main Marker" [stack: 0x0000006b0cd00000,0x0000006b0ce00000] [id=15500]
  0x0000025c0b9eb730 ConcurrentGCThread "G1 Conc#0" [stack: 0x0000006b0ce00000,0x0000006b0cf00000] [id=4432]
  0x0000025c0ba4ebe0 ConcurrentGCThread "G1 Refine#0" [stack: 0x0000006b0cf00000,0x0000006b0d000000] [id=19652]
  0x0000025c75589a80 ConcurrentGCThread "G1 Refine#1" [stack: 0x0000006b0e100000,0x0000006b0e200000] [id=36388]
  0x0000025c7509fef0 ConcurrentGCThread "G1 Refine#2" [stack: 0x0000006b0e300000,0x0000006b0e400000] [id=27544]
  0x0000025c77b019e0 ConcurrentGCThread "G1 Refine#3" [stack: 0x0000006b0e400000,0x0000006b0e500000] [id=41840]
  0x0000025c2fbe2a10 ConcurrentGCThread "G1 Service" [stack: 0x0000006b0d000000,0x0000006b0d100000] [id=41676]

Threads with active compile tasks:
C2 CompilerThread0    56455 9925  s!   4       jdk.internal.loader.URLClassPath::getLoader (194 bytes)

VM state: at safepoint (normal execution)

VM Mutex/Monitor currently owned by a thread:  ([mutex/lock_event])
[0x0000025c0b9696a0] Threads_lock - owner thread: 0x0000025c2fd2a690
[0x0000025c0b968f50] Heap_lock - owner thread: 0x0000025c0b96e940

Heap address: 0x0000000702000000, size: 4064 MB, Compressed Oops mode: Zero based, Oop shift amount: 3

CDS archive(s) mapped at: [0x0000025c30000000-0x0000025c30bd0000-0x0000025c30bd0000), size 12386304, SharedBaseAddress: 0x0000025c30000000, ArchiveRelocationMode: 1.
Compressed class space mapped at: 0x0000025c31000000-0x0000025c71000000, reserved size: 1073741824
Narrow klass base: 0x0000025c30000000, Narrow klass shift: 0, Narrow klass range: 0x100000000

GC Precious Log:
 CPUs: 4 total, 4 available
 Memory: 16249M
 Large Page Support: Disabled
 NUMA Support: Disabled
 Compressed Oops: Enabled (Zero based)
 Heap Region Size: 2M
 Heap Min Capacity: 8M
 Heap Initial Capacity: 254M
 Heap Max Capacity: 4064M
 Pre-touch: Disabled
 Parallel Workers: 4
 Concurrent Workers: 1
 Concurrent Refinement Workers: 4
 Periodic GC: Disabled

Heap:
 garbage-first heap   total 268288K, used 95517K [0x0000000702000000, 0x0000000800000000)
  region size 2048K, 1 young (2048K), 1 survivors (2048K)
 Metaspace       used 33011K, committed 33472K, reserved 1114112K
  class space    used 3640K, committed 3840K, reserved 1048576K

Heap Regions: E=young(eden), S=young(survivor), O=old, HS=humongous(starts), HC=humongous(continues), CS=collection set, F=free, OA=open archive, CA=closed archive, TAMS=top-at-mark-start (previous, next)
|   0|0x0000000702000000, 0x0000000702200000, 0x0000000702200000|100%| O|  |TAMS 0x0000000702200000, 0x0000000702000000| Untracked 
|   1|0x0000000702200000, 0x0000000702400000, 0x0000000702400000|100%| O|  |TAMS 0x0000000702400000, 0x0000000702200000| Untracked 
|   2|0x0000000702400000, 0x0000000702600000, 0x0000000702600000|100%| O|  |TAMS 0x0000000702600000, 0x0000000702400000| Untracked 
|   3|0x0000000702600000, 0x0000000702751e00, 0x0000000702800000| 65%| O|  |TAMS 0x0000000702600000, 0x0000000702600000| Untracked 
|   4|0x0000000702800000, 0x0000000702a00000, 0x0000000702a00000|100%| O|  |TAMS 0x0000000702a00000, 0x0000000702800000| Untracked 
|   5|0x0000000702a00000, 0x0000000702c00000, 0x0000000702c00000|100%| O|  |TAMS 0x0000000702c00000, 0x0000000702a00000| Untracked 
|   6|0x0000000702c00000, 0x0000000702e00000, 0x0000000702e00000|100%| O|  |TAMS 0x0000000702e00000, 0x0000000702c00000| Untracked 
|   7|0x0000000702e00000, 0x0000000703000000, 0x0000000703000000|100%| O|  |TAMS 0x0000000703000000, 0x0000000702e00000| Untracked 
|   8|0x0000000703000000, 0x0000000703200000, 0x0000000703200000|100%| O|  |TAMS 0x0000000703200000, 0x0000000703000000| Untracked 
|   9|0x0000000703200000, 0x00000007033b3600, 0x0000000703400000| 85%| O|  |TAMS 0x00000007033b3600, 0x0000000703200000| Untracked 
|  10|0x0000000703400000, 0x0000000703600000, 0x0000000703600000|100%| O|  |TAMS 0x0000000703600000, 0x0000000703400000| Untracked 
|  11|0x0000000703600000, 0x0000000703600000, 0x0000000703800000|  0%| F|  |TAMS 0x0000000703600000, 0x0000000703600000| Untracked 
|  12|0x0000000703800000, 0x0000000703800000, 0x0000000703a00000|  0%| F|  |TAMS 0x0000000703800000, 0x0000000703800000| Untracked 
|  13|0x0000000703a00000, 0x0000000703c00000, 0x0000000703c00000|100%|HS|  |TAMS 0x0000000703c00000, 0x0000000703a00000| Complete 
|  14|0x0000000703c00000, 0x0000000703e00000, 0x0000000703e00000|100%| O|  |TAMS 0x0000000703e00000, 0x0000000703c00000| Untracked 
|  15|0x0000000703e00000, 0x0000000704000000, 0x0000000704000000|100%| O|  |TAMS 0x0000000704000000, 0x0000000703e00000| Untracked 
|  16|0x0000000704000000, 0x0000000704000000, 0x0000000704200000|  0%| F|  |TAMS 0x0000000704000000, 0x0000000704000000| Untracked 
|  17|0x0000000704200000, 0x0000000704200000, 0x0000000704400000|  0%| F|  |TAMS 0x0000000704200000, 0x0000000704200000| Untracked 
|  18|0x0000000704400000, 0x0000000704400000, 0x0000000704600000|  0%| F|  |TAMS 0x0000000704400000, 0x0000000704400000| Untracked 
|  19|0x0000000704600000, 0x0000000704600000, 0x0000000704800000|  0%| F|  |TAMS 0x0000000704600000, 0x0000000704600000| Untracked 
|  20|0x0000000704800000, 0x0000000704a00000, 0x0000000704a00000|100%| O|  |TAMS 0x0000000704800000, 0x0000000704800000| Untracked 
|  21|0x0000000704a00000, 0x0000000704a00000, 0x0000000704c00000|  0%| F|  |TAMS 0x0000000704a00000, 0x0000000704a00000| Untracked 
|  22|0x0000000704c00000, 0x0000000704e00000, 0x0000000704e00000|100%| O|  |TAMS 0x0000000704e00000, 0x0000000704c00000| Untracked 
|  23|0x0000000704e00000, 0x0000000705000000, 0x0000000705000000|100%| O|  |TAMS 0x0000000705000000, 0x0000000704e00000| Untracked 
|  24|0x0000000705000000, 0x0000000705000000, 0x0000000705200000|  0%| F|  |TAMS 0x0000000705000000, 0x0000000705000000| Untracked 
|  25|0x0000000705200000, 0x0000000705200000, 0x0000000705400000|  0%| F|  |TAMS 0x0000000705200000, 0x0000000705200000| Untracked 
|  26|0x0000000705400000, 0x0000000705600000, 0x0000000705600000|100%| O|  |TAMS 0x0000000705600000, 0x0000000705400000| Untracked 
|  27|0x0000000705600000, 0x0000000705800000, 0x0000000705800000|100%|HS|  |TAMS 0x0000000705800000, 0x0000000705600000| Complete 
|  28|0x0000000705800000, 0x0000000705a00000, 0x0000000705a00000|100%| O|  |TAMS 0x0000000705a00000, 0x0000000705800000| Untracked 
|  29|0x0000000705a00000, 0x0000000705c00000, 0x0000000705c00000|100%| O|  |TAMS 0x0000000705c00000, 0x0000000705a00000| Untracked 
|  30|0x0000000705c00000, 0x0000000705c00000, 0x0000000705e00000|  0%| F|  |TAMS 0x0000000705c00000, 0x0000000705c00000| Untracked 
|  31|0x0000000705e00000, 0x0000000706000000, 0x0000000706000000|100%| O|  |TAMS 0x0000000706000000, 0x0000000705e00000| Untracked 
|  32|0x0000000706000000, 0x0000000706200000, 0x0000000706200000|100%| O|  |TAMS 0x0000000706200000, 0x0000000706000000| Untracked 
|  33|0x0000000706200000, 0x0000000706400000, 0x0000000706400000|100%| O|  |TAMS 0x0000000706400000, 0x0000000706200000| Untracked 
|  34|0x0000000706400000, 0x0000000706600000, 0x0000000706600000|100%| O|  |TAMS 0x0000000706600000, 0x0000000706400000| Untracked 
|  35|0x0000000706600000, 0x0000000706800000, 0x0000000706800000|100%| O|  |TAMS 0x0000000706800000, 0x0000000706600000| Untracked 
|  36|0x0000000706800000, 0x0000000706a00000, 0x0000000706a00000|100%| O|  |TAMS 0x000000070690ca00, 0x0000000706800000| Untracked 
|  37|0x0000000706a00000, 0x0000000706c00000, 0x0000000706c00000|100%| O|  |TAMS 0x0000000706a00000, 0x0000000706a00000| Untracked 
|  38|0x0000000706c00000, 0x0000000706e00000, 0x0000000706e00000|100%| O|  |TAMS 0x0000000706c00000, 0x0000000706c00000| Untracked 
|  39|0x0000000706e00000, 0x0000000707000000, 0x0000000707000000|100%| O|  |TAMS 0x0000000706e00000, 0x0000000706e00000| Untracked 
|  40|0x0000000707000000, 0x0000000707200000, 0x0000000707200000|100%| O|  |TAMS 0x0000000707000000, 0x0000000707000000| Untracked 
|  41|0x0000000707200000, 0x0000000707400000, 0x0000000707400000|100%| O|  |TAMS 0x0000000707200000, 0x0000000707200000| Untracked 
|  42|0x0000000707400000, 0x0000000707600000, 0x0000000707600000|100%| O|  |TAMS 0x0000000707400000, 0x0000000707400000| Untracked 
|  43|0x0000000707600000, 0x0000000707800000, 0x0000000707800000|100%| O|  |TAMS 0x0000000707600000, 0x0000000707600000| Untracked 
|  44|0x0000000707800000, 0x0000000707a00000, 0x0000000707a00000|100%| O|  |TAMS 0x0000000707800000, 0x0000000707800000| Untracked 
|  45|0x0000000707a00000, 0x0000000707c00000, 0x0000000707c00000|100%| O|  |TAMS 0x0000000707a00000, 0x0000000707a00000| Untracked 
|  46|0x0000000707c00000, 0x0000000707e00000, 0x0000000707e00000|100%| O|  |TAMS 0x0000000707c00000, 0x0000000707c00000| Untracked 
|  47|0x0000000707e00000, 0x0000000708000000, 0x0000000708000000|100%| O|  |TAMS 0x0000000707e00000, 0x0000000707e00000| Untracked 
|  48|0x0000000708000000, 0x0000000708200000, 0x0000000708200000|100%| O|  |TAMS 0x0000000708000000, 0x0000000708000000| Untracked 
|  49|0x0000000708200000, 0x0000000708400000, 0x0000000708400000|100%| O|  |TAMS 0x0000000708200000, 0x0000000708200000| Untracked 
|  50|0x0000000708400000, 0x0000000708600000, 0x0000000708600000|100%| O|  |TAMS 0x0000000708400000, 0x0000000708400000| Untracked 
|  51|0x0000000708600000, 0x0000000708800000, 0x0000000708800000|100%| O|  |TAMS 0x0000000708600000, 0x0000000708600000| Untracked 
|  52|0x0000000708800000, 0x0000000708a00000, 0x0000000708a00000|100%| O|  |TAMS 0x0000000708800000, 0x0000000708800000| Untracked 
|  53|0x0000000708a00000, 0x0000000708c00000, 0x0000000708c00000|100%| O|  |TAMS 0x0000000708a00000, 0x0000000708a00000| Untracked 
|  54|0x0000000708c00000, 0x0000000708c00000, 0x0000000708e00000|  0%| F|  |TAMS 0x0000000708c00000, 0x0000000708c00000| Untracked 
|  55|0x0000000708e00000, 0x0000000708e00000, 0x0000000709000000|  0%| F|  |TAMS 0x0000000708e00000, 0x0000000708e00000| Untracked 
|  56|0x0000000709000000, 0x0000000709000000, 0x0000000709200000|  0%| F|  |TAMS 0x0000000709000000, 0x0000000709000000| Untracked 
|  57|0x0000000709200000, 0x0000000709200000, 0x0000000709400000|  0%| F|  |TAMS 0x0000000709200000, 0x0000000709200000| Untracked 
|  58|0x0000000709400000, 0x0000000709400000, 0x0000000709600000|  0%| F|  |TAMS 0x0000000709400000, 0x0000000709400000| Untracked 
|  59|0x0000000709600000, 0x0000000709600000, 0x0000000709800000|  0%| F|  |TAMS 0x0000000709600000, 0x0000000709600000| Untracked 
|  60|0x0000000709800000, 0x0000000709800000, 0x0000000709a00000|  0%| F|  |TAMS 0x0000000709800000, 0x0000000709800000| Untracked 
|  61|0x0000000709a00000, 0x0000000709a00000, 0x0000000709c00000|  0%| F|  |TAMS 0x0000000709a00000, 0x0000000709a00000| Untracked 
|  62|0x0000000709c00000, 0x0000000709c00000, 0x0000000709e00000|  0%| F|  |TAMS 0x0000000709c00000, 0x0000000709c00000| Untracked 
|  63|0x0000000709e00000, 0x0000000709e00000, 0x000000070a000000|  0%| F|  |TAMS 0x0000000709e00000, 0x0000000709e00000| Untracked 
|  64|0x000000070a000000, 0x000000070a000000, 0x000000070a200000|  0%| F|  |TAMS 0x000000070a000000, 0x000000070a000000| Untracked 
|  65|0x000000070a200000, 0x000000070a200000, 0x000000070a400000|  0%| F|  |TAMS 0x000000070a200000, 0x000000070a200000| Untracked 
|  66|0x000000070a400000, 0x000000070a400000, 0x000000070a600000|  0%| F|  |TAMS 0x000000070a400000, 0x000000070a400000| Untracked 
|  67|0x000000070a600000, 0x000000070a600000, 0x000000070a800000|  0%| F|  |TAMS 0x000000070a600000, 0x000000070a600000| Untracked 
|  68|0x000000070a800000, 0x000000070a800000, 0x000000070aa00000|  0%| F|  |TAMS 0x000000070a800000, 0x000000070a800000| Untracked 
|  69|0x000000070aa00000, 0x000000070aa00000, 0x000000070ac00000|  0%| F|  |TAMS 0x000000070aa00000, 0x000000070aa00000| Untracked 
|  70|0x000000070ac00000, 0x000000070ac00000, 0x000000070ae00000|  0%| F|  |TAMS 0x000000070ac00000, 0x000000070ac00000| Untracked 
|  71|0x000000070ae00000, 0x000000070ae00000, 0x000000070b000000|  0%| F|  |TAMS 0x000000070ae00000, 0x000000070ae00000| Untracked 
|  72|0x000000070b000000, 0x000000070b000000, 0x000000070b200000|  0%| F|  |TAMS 0x000000070b000000, 0x000000070b000000| Untracked 
|  73|0x000000070b200000, 0x000000070b200000, 0x000000070b400000|  0%| F|  |TAMS 0x000000070b200000, 0x000000070b200000| Untracked 
|  74|0x000000070b400000, 0x000000070b400000, 0x000000070b600000|  0%| F|  |TAMS 0x000000070b400000, 0x000000070b400000| Untracked 
|  75|0x000000070b600000, 0x000000070b600000, 0x000000070b800000|  0%| F|  |TAMS 0x000000070b600000, 0x000000070b600000| Untracked 
|  76|0x000000070b800000, 0x000000070b800000, 0x000000070ba00000|  0%| F|  |TAMS 0x000000070b800000, 0x000000070b800000| Untracked 
|  77|0x000000070ba00000, 0x000000070ba00000, 0x000000070bc00000|  0%| F|  |TAMS 0x000000070ba00000, 0x000000070ba00000| Untracked 
|  78|0x000000070bc00000, 0x000000070bc00000, 0x000000070be00000|  0%| F|  |TAMS 0x000000070bc00000, 0x000000070bc00000| Untracked 
|  79|0x000000070be00000, 0x000000070be00000, 0x000000070c000000|  0%| F|  |TAMS 0x000000070be00000, 0x000000070be00000| Untracked 
|  80|0x000000070c000000, 0x000000070c000000, 0x000000070c200000|  0%| F|  |TAMS 0x000000070c000000, 0x000000070c000000| Untracked 
|  81|0x000000070c200000, 0x000000070c200000, 0x000000070c400000|  0%| F|  |TAMS 0x000000070c200000, 0x000000070c200000| Untracked 
|  82|0x000000070c400000, 0x000000070c400000, 0x000000070c600000|  0%| F|  |TAMS 0x000000070c400000, 0x000000070c400000| Untracked 
|  83|0x000000070c600000, 0x000000070c600000, 0x000000070c800000|  0%| F|  |TAMS 0x000000070c600000, 0x000000070c600000| Untracked 
|  84|0x000000070c800000, 0x000000070c800000, 0x000000070ca00000|  0%| F|  |TAMS 0x000000070c800000, 0x000000070c800000| Untracked 
|  85|0x000000070ca00000, 0x000000070ca00000, 0x000000070cc00000|  0%| F|  |TAMS 0x000000070ca00000, 0x000000070ca00000| Untracked 
|  86|0x000000070cc00000, 0x000000070cc00000, 0x000000070ce00000|  0%| F|  |TAMS 0x000000070cc00000, 0x000000070cc00000| Untracked 
|  87|0x000000070ce00000, 0x000000070ce00000, 0x000000070d000000|  0%| F|  |TAMS 0x000000070ce00000, 0x000000070ce00000| Untracked 
|  88|0x000000070d000000, 0x000000070d000000, 0x000000070d200000|  0%| F|  |TAMS 0x000000070d000000, 0x000000070d000000| Untracked 
|  89|0x000000070d200000, 0x000000070d200000, 0x000000070d400000|  0%| F|  |TAMS 0x000000070d200000, 0x000000070d200000| Untracked 
|  90|0x000000070d400000, 0x000000070d400000, 0x000000070d600000|  0%| F|  |TAMS 0x000000070d400000, 0x000000070d400000| Untracked 
|  91|0x000000070d600000, 0x000000070d600000, 0x000000070d800000|  0%| F|  |TAMS 0x000000070d600000, 0x000000070d600000| Untracked 
|  92|0x000000070d800000, 0x000000070d800000, 0x000000070da00000|  0%| F|  |TAMS 0x000000070d800000, 0x000000070d800000| Untracked 
|  93|0x000000070da00000, 0x000000070da00000, 0x000000070dc00000|  0%| F|  |TAMS 0x000000070da00000, 0x000000070da00000| Untracked 
|  94|0x000000070dc00000, 0x000000070dc00000, 0x000000070de00000|  0%| F|  |TAMS 0x000000070dc00000, 0x000000070dc00000| Untracked 
|  95|0x000000070de00000, 0x000000070de00000, 0x000000070e000000|  0%| F|  |TAMS 0x000000070de00000, 0x000000070de00000| Untracked 
|  96|0x000000070e000000, 0x000000070e000000, 0x000000070e200000|  0%| F|  |TAMS 0x000000070e000000, 0x000000070e000000| Untracked 
|  97|0x000000070e200000, 0x000000070e200000, 0x000000070e400000|  0%| F|  |TAMS 0x000000070e200000, 0x000000070e200000| Untracked 
|  98|0x000000070e400000, 0x000000070e400000, 0x000000070e600000|  0%| F|  |TAMS 0x000000070e400000, 0x000000070e400000| Untracked 
|  99|0x000000070e600000, 0x000000070e600000, 0x000000070e800000|  0%| F|  |TAMS 0x000000070e600000, 0x000000070e600000| Untracked 
| 100|0x000000070e800000, 0x000000070e800000, 0x000000070ea00000|  0%| F|  |TAMS 0x000000070e800000, 0x000000070e800000| Untracked 
| 101|0x000000070ea00000, 0x000000070ea00000, 0x000000070ec00000|  0%| F|  |TAMS 0x000000070ea00000, 0x000000070ea00000| Untracked 
| 102|0x000000070ec00000, 0x000000070ec00000, 0x000000070ee00000|  0%| F|  |TAMS 0x000000070ec00000, 0x000000070ec00000| Untracked 
| 103|0x000000070ee00000, 0x000000070ee00000, 0x000000070f000000|  0%| F|  |TAMS 0x000000070ee00000, 0x000000070ee00000| Untracked 
| 104|0x000000070f000000, 0x000000070f000000, 0x000000070f200000|  0%| F|  |TAMS 0x000000070f000000, 0x000000070f000000| Untracked 
| 105|0x000000070f200000, 0x000000070f200000, 0x000000070f400000|  0%| F|  |TAMS 0x000000070f200000, 0x000000070f200000| Untracked 
| 106|0x000000070f400000, 0x000000070f400000, 0x000000070f600000|  0%| F|  |TAMS 0x000000070f400000, 0x000000070f400000| Untracked 
| 107|0x000000070f600000, 0x000000070f600000, 0x000000070f800000|  0%| F|  |TAMS 0x000000070f600000, 0x000000070f600000| Untracked 
| 108|0x000000070f800000, 0x000000070f800000, 0x000000070fa00000|  0%| F|  |TAMS 0x000000070f800000, 0x000000070f800000| Untracked 
| 109|0x000000070fa00000, 0x000000070fa00000, 0x000000070fc00000|  0%| F|  |TAMS 0x000000070fa00000, 0x000000070fa00000| Untracked 
| 110|0x000000070fc00000, 0x000000070fc00000, 0x000000070fe00000|  0%| F|  |TAMS 0x000000070fc00000, 0x000000070fc00000| Untracked 
| 111|0x000000070fe00000, 0x000000070fe00000, 0x0000000710000000|  0%| F|  |TAMS 0x000000070fe00000, 0x000000070fe00000| Untracked 
| 112|0x0000000710000000, 0x0000000710000000, 0x0000000710200000|  0%| F|  |TAMS 0x0000000710000000, 0x0000000710000000| Untracked 
| 113|0x0000000710200000, 0x0000000710200000, 0x0000000710400000|  0%| F|  |TAMS 0x0000000710200000, 0x0000000710200000| Untracked 
| 114|0x0000000710400000, 0x0000000710400000, 0x0000000710600000|  0%| F|  |TAMS 0x0000000710400000, 0x0000000710400000| Untracked 
| 115|0x0000000710600000, 0x00000007106420b8, 0x0000000710800000| 12%| S|CS|TAMS 0x0000000710600000, 0x0000000710600000| Complete 
| 116|0x0000000710800000, 0x0000000710800000, 0x0000000710a00000|  0%| F|  |TAMS 0x0000000710800000, 0x0000000710800000| Untracked 
| 117|0x0000000710a00000, 0x0000000710a00000, 0x0000000710c00000|  0%| F|  |TAMS 0x0000000710a00000, 0x0000000710a00000| Untracked 
| 118|0x0000000710c00000, 0x0000000710c00000, 0x0000000710e00000|  0%| F|  |TAMS 0x0000000710c00000, 0x0000000710c00000| Untracked 
| 119|0x0000000710e00000, 0x0000000710e00000, 0x0000000711000000|  0%| F|  |TAMS 0x0000000710e00000, 0x0000000710e00000| Untracked 
| 120|0x0000000711000000, 0x0000000711000000, 0x0000000711200000|  0%| F|  |TAMS 0x0000000711000000, 0x0000000711000000| Untracked 
| 121|0x0000000711200000, 0x0000000711200000, 0x0000000711400000|  0%| F|  |TAMS 0x0000000711200000, 0x0000000711200000| Untracked 
| 122|0x0000000711400000, 0x0000000711400000, 0x0000000711600000|  0%| F|  |TAMS 0x0000000711400000, 0x0000000711400000| Untracked 
| 123|0x0000000711600000, 0x0000000711600000, 0x0000000711800000|  0%| F|  |TAMS 0x0000000711600000, 0x0000000711600000| Untracked 
| 124|0x0000000711800000, 0x0000000711800000, 0x0000000711a00000|  0%| F|  |TAMS 0x0000000711800000, 0x0000000711800000| Untracked 
| 125|0x0000000711a00000, 0x0000000711a00000, 0x0000000711c00000|  0%| F|  |TAMS 0x0000000711a00000, 0x0000000711a00000| Untracked 
| 126|0x0000000711c00000, 0x0000000711c00000, 0x0000000711e00000|  0%| F|  |TAMS 0x0000000711c00000, 0x0000000711c00000| Untracked 
|2028|0x00000007ff800000, 0x00000007ff800000, 0x00000007ffa00000|  0%| F|  |TAMS 0x00000007ff800000, 0x00000007ff800000| Untracked 
|2029|0x00000007ffa00000, 0x00000007ffc00000, 0x00000007ffc00000|100%| O|  |TAMS 0x00000007ffc00000, 0x00000007ffa00000| Untracked 
|2030|0x00000007ffc00000, 0x00000007ffe00000, 0x00000007ffe00000|100%| O|  |TAMS 0x00000007ffe00000, 0x00000007ffc00000| Untracked 
|2031|0x00000007ffe00000, 0x0000000800000000, 0x0000000800000000|100%| O|  |TAMS 0x0000000800000000, 0x00000007ffe00000| Untracked 

Card table byte_map: [0x0000025c24810000,0x0000025c25000000] _byte_map_base: 0x0000025c21000000

Marking Bits (Prev, Next): (CMBitMap*) 0x0000025c0b9d9f40, (CMBitMap*) 0x0000025c0b9d9f80
 Prev Bits: [0x0000025c257f0000, 0x0000025c29770000)
 Next Bits: [0x0000025c29770000, 0x0000025c2d6f0000)

Polling page: 0x0000025c0ba50000

Metaspace:

Usage:
  Non-class:     28.68 MB used.
      Class:      3.56 MB used.
       Both:     32.24 MB used.

Virtual space:
  Non-class space:       64.00 MB reserved,      28.94 MB ( 45%) committed,  1 nodes.
      Class space:        1.00 GB reserved,       3.75 MB ( <1%) committed,  1 nodes.
             Both:        1.06 GB reserved,      32.69 MB (  3%) committed. 

Chunk freelists:
   Non-Class:  2.67 MB
       Class:  12.23 MB
        Both:  14.91 MB

MaxMetaspaceSize: unlimited
CompressedClassSpaceSize: 1.00 GB
Initial GC threshold: 21.00 MB
Current GC threshold: 53.44 MB
CDS: on
MetaspaceReclaimPolicy: balanced
 - commit_granule_bytes: 65536.
 - commit_granule_words: 8192.
 - virtual_space_node_default_size: 8388608.
 - enlarge_chunks_in_place: 1.
 - new_chunks_are_fully_committed: 0.
 - uncommit_free_chunks: 1.
 - use_allocation_guard: 0.
 - handle_deallocations: 1.


Internal statistics:

num_allocs_failed_limit: 3.
num_arena_births: 292.
num_arena_deaths: 0.
num_vsnodes_births: 2.
num_vsnodes_deaths: 0.
num_space_committed: 523.
num_space_uncommitted: 0.
num_chunks_returned_to_freelist: 3.
num_chunks_taken_from_freelist: 1566.
num_chunk_merges: 3.
num_chunk_splits: 1064.
num_chunks_enlarged: 799.
num_purges: 0.
num_inconsistent_stats: 0.

CodeHeap 'non-profiled nmethods': size=120000Kb used=5898Kb max_used=5898Kb free=114101Kb
 bounds [0x0000025c1c4d0000, 0x0000025c1caa0000, 0x0000025c23a00000]
CodeHeap 'profiled nmethods': size=120000Kb used=19419Kb max_used=19419Kb free=100580Kb
 bounds [0x0000025c14a00000, 0x0000025c15d00000, 0x0000025c1bf30000]
CodeHeap 'non-nmethods': size=5760Kb used=1218Kb max_used=1314Kb free=4541Kb
 bounds [0x0000025c1bf30000, 0x0000025c1c1a0000, 0x0000025c1c4d0000]
 total_blobs=8901 nmethods=8377 adapters=436
 compilation: enabled
              stopped_count=0, restarted_count=0
 full_count=0

Compilation events (20 events):
Event: 56.229 Thread 0x0000025c750380c0 9934       2       java.net.URL::openStream (8 bytes)
Event: 56.230 Thread 0x0000025c750380c0 nmethod 9934 0x0000025c15cf1210 code [0x0000025c15cf13c0, 0x0000025c15cf1518]
Event: 56.342 Thread 0x0000025c750380c0 9935   !   2       lombok.launch.ShadowClassLoader::getResource_ (242 bytes)
Event: 56.344 Thread 0x0000025c750380c0 nmethod 9935 0x0000025c15cf1610 code [0x0000025c15cf1920, 0x0000025c15cf22e8]
Event: 56.344 Thread 0x0000025c750380c0 9936   !   2       lombok.launch.ShadowClassLoader::getResourceFromLocation (243 bytes)
Event: 56.347 Thread 0x0000025c750380c0 nmethod 9936 0x0000025c15cf2890 code [0x0000025c15cf2d40, 0x0000025c15cf40e8]
Event: 56.347 Thread 0x0000025c750380c0 9937   !   2       lombok.launch.ShadowClassLoader::getOrMakeJarListing (193 bytes)
Event: 56.347 Thread 0x0000025c750380c0 nmethod 9937 0x0000025c15cf4e90 code [0x0000025c15cf5140, 0x0000025c15cf5928]
Event: 56.347 Thread 0x0000025c750380c0 9938   !   2       lombok.launch.ShadowClassLoader::loadClass (242 bytes)
Event: 56.350 Thread 0x0000025c750380c0 nmethod 9938 0x0000025c15cf5f10 code [0x0000025c15cf6240, 0x0000025c15cf6c78]
Event: 56.372 Thread 0x0000025c750380c0 9939       2       sun.reflect.generics.reflectiveObjects.ParameterizedTypeImpl::<init> (35 bytes)
Event: 56.372 Thread 0x0000025c750380c0 nmethod 9939 0x0000025c15cf7290 code [0x0000025c15cf7440, 0x0000025c15cf76d8]
Event: 56.372 Thread 0x0000025c750380c0 9940       2       java.lang.Class::getDeclaringClass (31 bytes)
Event: 56.372 Thread 0x0000025c750380c0 nmethod 9940 0x0000025c15cf7810 code [0x0000025c15cf79c0, 0x0000025c15cf7b88]
Event: 56.373 Thread 0x0000025c750380c0 9941       2       sun.reflect.generics.visitor.Reifier::reifyTypeArguments (38 bytes)
Event: 56.374 Thread 0x0000025c750380c0 nmethod 9941 0x0000025c15cf7d10 code [0x0000025c15cf7ec0, 0x0000025c15cf8248]
Event: 56.374 Thread 0x0000025c750380c0 9942       2       sun.reflect.generics.reflectiveObjects.ParameterizedTypeImpl::make (11 bytes)
Event: 56.374 Thread 0x0000025c750380c0 nmethod 9942 0x0000025c15cf8390 code [0x0000025c15cf8540, 0x0000025c15cf8818]
Event: 56.376 Thread 0x0000025c750380c0 9943       2       sun.reflect.generics.parser.SignatureParser::parseZeroOrMoreFormalTypeParameters (19 bytes)
Event: 56.376 Thread 0x0000025c750380c0 nmethod 9943 0x0000025c15cf8910 code [0x0000025c15cf8ac0, 0x0000025c15cf8cd8]

GC Heap History (20 events):
Event: 48.767 GC heap after
{Heap after GC invocations=16 (full 0):
 garbage-first heap   total 126976K, used 69749K [0x0000000702000000, 0x0000000800000000)
  region size 2048K, 1 young (2048K), 1 survivors (2048K)
 Metaspace       used 29445K, committed 29760K, reserved 1114112K
  class space    used 3302K, committed 3456K, reserved 1048576K
}
Event: 49.224 GC heap before
{Heap before GC invocations=17 (full 0):
 garbage-first heap   total 126976K, used 100469K [0x0000000702000000, 0x0000000800000000)
  region size 2048K, 16 young (32768K), 1 survivors (2048K)
 Metaspace       used 29546K, committed 29888K, reserved 1114112K
  class space    used 3304K, committed 3456K, reserved 1048576K
}
Event: 49.236 GC heap after
{Heap after GC invocations=18 (full 0):
 garbage-first heap   total 126976K, used 71082K [0x0000000702000000, 0x0000000800000000)
  region size 2048K, 2 young (4096K), 2 survivors (4096K)
 Metaspace       used 29546K, committed 29888K, reserved 1114112K
  class space    used 3304K, committed 3456K, reserved 1048576K
}
Event: 49.556 GC heap before
{Heap before GC invocations=18 (full 0):
 garbage-first heap   total 126976K, used 101802K [0x0000000702000000, 0x0000000800000000)
  region size 2048K, 17 young (34816K), 2 survivors (4096K)
 Metaspace       used 29620K, committed 29952K, reserved 1114112K
  class space    used 3309K, committed 3456K, reserved 1048576K
}
Event: 49.569 GC heap after
{Heap after GC invocations=19 (full 0):
 garbage-first heap   total 172032K, used 72289K [0x0000000702000000, 0x0000000800000000)
  region size 2048K, 2 young (4096K), 2 survivors (4096K)
 Metaspace       used 29620K, committed 29952K, reserved 1114112K
  class space    used 3309K, committed 3456K, reserved 1048576K
}
Event: 50.415 GC heap before
{Heap before GC invocations=20 (full 0):
 garbage-first heap   total 172032K, used 139873K [0x0000000702000000, 0x0000000800000000)
  region size 2048K, 35 young (71680K), 2 survivors (4096K)
 Metaspace       used 29752K, committed 30080K, reserved 1114112K
  class space    used 3309K, committed 3456K, reserved 1048576K
}
Event: 50.423 GC heap after
{Heap after GC invocations=21 (full 0):
 garbage-first heap   total 172032K, used 71978K [0x0000000702000000, 0x0000000800000000)
  region size 2048K, 2 young (4096K), 2 survivors (4096K)
 Metaspace       used 29752K, committed 30080K, reserved 1114112K
  class space    used 3309K, committed 3456K, reserved 1048576K
}
Event: 50.453 GC heap before
{Heap before GC invocations=21 (full 0):
 garbage-first heap   total 172032K, used 76074K [0x0000000702000000, 0x0000000800000000)
  region size 2048K, 4 young (8192K), 2 survivors (4096K)
 Metaspace       used 29753K, committed 30080K, reserved 1114112K
  class space    used 3309K, committed 3456K, reserved 1048576K
}
Event: 50.460 GC heap after
{Heap after GC invocations=22 (full 0):
 garbage-first heap   total 172032K, used 71304K [0x0000000702000000, 0x0000000800000000)
  region size 2048K, 1 young (2048K), 1 survivors (2048K)
 Metaspace       used 29753K, committed 30080K, reserved 1114112K
  class space    used 3309K, committed 3456K, reserved 1048576K
}
Event: 53.252 GC heap before
{Heap before GC invocations=22 (full 0):
 garbage-first heap   total 172032K, used 140936K [0x0000000702000000, 0x0000000800000000)
  region size 2048K, 35 young (71680K), 1 survivors (2048K)
 Metaspace       used 32034K, committed 32384K, reserved 1114112K
  class space    used 3521K, committed 3712K, reserved 1048576K
}
Event: 53.260 GC heap after
{Heap after GC invocations=23 (full 0):
 garbage-first heap   total 172032K, used 73141K [0x0000000702000000, 0x0000000800000000)
  region size 2048K, 2 young (4096K), 2 survivors (4096K)
 Metaspace       used 32034K, committed 32384K, reserved 1114112K
  class space    used 3521K, committed 3712K, reserved 1048576K
}
Event: 54.978 GC heap before
{Heap before GC invocations=23 (full 0):
 garbage-first heap   total 172032K, used 140725K [0x0000000702000000, 0x0000000800000000)
  region size 2048K, 35 young (71680K), 2 survivors (4096K)
 Metaspace       used 32422K, committed 32832K, reserved 1114112K
  class space    used 3561K, committed 3712K, reserved 1048576K
}
Event: 54.992 GC heap after
{Heap after GC invocations=24 (full 0):
 garbage-first heap   total 172032K, used 92928K [0x0000000702000000, 0x0000000800000000)
  region size 2048K, 5 young (10240K), 5 survivors (10240K)
 Metaspace       used 32422K, committed 32832K, reserved 1114112K
  class space    used 3561K, committed 3712K, reserved 1048576K
}
Event: 55.503 GC heap before
{Heap before GC invocations=24 (full 0):
 garbage-first heap   total 172032K, used 129792K [0x0000000702000000, 0x0000000800000000)
  region size 2048K, 23 young (47104K), 5 survivors (10240K)
 Metaspace       used 32429K, committed 32832K, reserved 1114112K
  class space    used 3561K, committed 3712K, reserved 1048576K
}
Event: 55.515 GC heap after
{Heap after GC invocations=25 (full 0):
 garbage-first heap   total 172032K, used 108231K [0x0000000702000000, 0x0000000800000000)
  region size 2048K, 3 young (6144K), 3 survivors (6144K)
 Metaspace       used 32429K, committed 32832K, reserved 1114112K
  class space    used 3561K, committed 3712K, reserved 1048576K
}
Event: 56.111 GC heap before
{Heap before GC invocations=26 (full 0):
 garbage-first heap   total 182272K, used 128711K [0x0000000702000000, 0x0000000800000000)
  region size 2048K, 15 young (30720K), 3 survivors (6144K)
 Metaspace       used 32585K, committed 33024K, reserved 1114112K
  class space    used 3577K, committed 3776K, reserved 1048576K
}
Event: 56.121 GC heap after
{Heap after GC invocations=27 (full 0):
 garbage-first heap   total 182272K, used 113376K [0x0000000702000000, 0x0000000800000000)
  region size 2048K, 2 young (4096K), 2 survivors (4096K)
 Metaspace       used 32585K, committed 33024K, reserved 1114112K
  class space    used 3577K, committed 3776K, reserved 1048576K
}
Event: 56.273 GC heap before
{Heap before GC invocations=27 (full 0):
 garbage-first heap   total 182272K, used 115424K [0x0000000702000000, 0x0000000800000000)
  region size 2048K, 4 young (8192K), 2 survivors (4096K)
 Metaspace       used 32862K, committed 33280K, reserved 1114112K
  class space    used 3596K, committed 3776K, reserved 1048576K
}
Event: 56.283 GC heap after
{Heap after GC invocations=28 (full 0):
 garbage-first heap   total 182272K, used 97984K [0x0000000702000000, 0x0000000800000000)
  region size 2048K, 1 young (2048K), 1 survivors (2048K)
 Metaspace       used 32862K, committed 33280K, reserved 1114112K
  class space    used 3596K, committed 3776K, reserved 1048576K
}
Event: 56.379 GC heap before
{Heap before GC invocations=28 (full 0):
 garbage-first heap   total 182272K, used 102080K [0x0000000702000000, 0x0000000800000000)
  region size 2048K, 4 young (8192K), 1 survivors (2048K)
 Metaspace       used 33011K, committed 33472K, reserved 1114112K
  class space    used 3640K, committed 3840K, reserved 1048576K
}

Deoptimization events (20 events):
Event: 55.391 Thread 0x0000025c0b96e940 DEOPT PACKING pc=0x0000025c14bc2648 sp=0x0000006b0cbfb660
Event: 55.391 Thread 0x0000025c0b96e940 DEOPT UNPACKING pc=0x0000025c1bf82b43 sp=0x0000006b0cbfab70 mode 0
Event: 55.502 Thread 0x0000025c0b96e940 DEOPT PACKING pc=0x0000025c14f7ba61 sp=0x0000006b0cbfb6a0
Event: 55.502 Thread 0x0000025c0b96e940 DEOPT UNPACKING pc=0x0000025c1bf82b43 sp=0x0000006b0cbfac10 mode 0
Event: 55.973 Thread 0x0000025c0b96e940 Uncommon trap: trap_request=0xffffff45 fr.pc=0x0000025c1c94c13c relative=0x0000000000002c1c
Event: 55.973 Thread 0x0000025c0b96e940 Uncommon trap: reason=unstable_if action=reinterpret pc=0x0000025c1c94c13c method=com.sun.tools.javac.code.ClassFinder.complete(Lcom/sun/tools/javac/code/Symbol;)V @ 155 c2
Event: 55.973 Thread 0x0000025c0b96e940 DEOPT PACKING pc=0x0000025c1c94c13c sp=0x0000006b0cbfb310
Event: 55.973 Thread 0x0000025c0b96e940 DEOPT UNPACKING pc=0x0000025c1bf823a3 sp=0x0000006b0cbfb2a8 mode 2
Event: 55.996 Thread 0x0000025c0b96e940 Uncommon trap: trap_request=0xffffff45 fr.pc=0x0000025c1c945a04 relative=0x0000000000002b64
Event: 55.996 Thread 0x0000025c0b96e940 Uncommon trap: reason=unstable_if action=reinterpret pc=0x0000025c1c945a04 method=com.sun.tools.javac.code.ClassFinder.complete(Lcom/sun/tools/javac/code/Symbol;)V @ 155 c2
Event: 55.996 Thread 0x0000025c0b96e940 DEOPT PACKING pc=0x0000025c1c945a04 sp=0x0000006b0cbfb7f0
Event: 55.996 Thread 0x0000025c0b96e940 DEOPT UNPACKING pc=0x0000025c1bf823a3 sp=0x0000006b0cbfb800 mode 2
Event: 56.107 Thread 0x0000025c0b96e940 Uncommon trap: trap_request=0xffffff45 fr.pc=0x0000025c1c7a5bf8 relative=0x00000000000018d8
Event: 56.107 Thread 0x0000025c0b96e940 Uncommon trap: reason=unstable_if action=reinterpret pc=0x0000025c1c7a5bf8 method=jdk.internal.jimage.ImageLocation.verifyName(Ljava/lang/String;Ljava/lang/String;IIIIIILjdk/internal/jimage/ImageStrings;)Z @ 90 c2
Event: 56.107 Thread 0x0000025c0b96e940 DEOPT PACKING pc=0x0000025c1c7a5bf8 sp=0x0000006b0cbfa960
Event: 56.107 Thread 0x0000025c0b96e940 DEOPT UNPACKING pc=0x0000025c1bf823a3 sp=0x0000006b0cbfa6e8 mode 2
Event: 56.211 Thread 0x0000025c0b96e940 Uncommon trap: trap_request=0xffffff45 fr.pc=0x0000025c1c91b55c relative=0x000000000000303c
Event: 56.211 Thread 0x0000025c0b96e940 Uncommon trap: reason=unstable_if action=reinterpret pc=0x0000025c1c91b55c method=java.lang.Class.searchMethods([Ljava/lang/reflect/Method;Ljava/lang/String;[Ljava/lang/Class;)Ljava/lang/reflect/Method; @ 59 c2
Event: 56.211 Thread 0x0000025c0b96e940 DEOPT PACKING pc=0x0000025c1c91b55c sp=0x0000006b0cbfb610
Event: 56.211 Thread 0x0000025c0b96e940 DEOPT UNPACKING pc=0x0000025c1bf823a3 sp=0x0000006b0cbfb580 mode 2

Classes unloaded (0 events):
No events

Classes redefined (0 events):
No events

Internal exceptions (20 events):
Event: 55.986 Thread 0x0000025c0b96e940 Exception <a 'sun/nio/fs/WindowsException'{0x000000070b74dca0}> (0x000000070b74dca0) 
thrown [s\open\src\hotspot\share\prims\jni.cpp, line 516]
Event: 55.986 Thread 0x0000025c0b96e940 Exception <a 'sun/nio/fs/WindowsException'{0x000000070b74e010}> (0x000000070b74e010) 
thrown [s\open\src\hotspot\share\prims\jni.cpp, line 516]
Event: 55.986 Thread 0x0000025c0b96e940 Exception <a 'sun/nio/fs/WindowsException'{0x000000070b74f480}> (0x000000070b74f480) 
thrown [s\open\src\hotspot\share\prims\jni.cpp, line 516]
Event: 55.986 Thread 0x0000025c0b96e940 Exception <a 'sun/nio/fs/WindowsException'{0x000000070b74f7d0}> (0x000000070b74f7d0) 
thrown [s\open\src\hotspot\share\prims\jni.cpp, line 516]
Event: 55.987 Thread 0x0000025c0b96e940 Exception <a 'sun/nio/fs/WindowsException'{0x000000070b757940}> (0x000000070b757940) 
thrown [s\open\src\hotspot\share\prims\jni.cpp, line 516]
Event: 55.987 Thread 0x0000025c0b96e940 Exception <a 'sun/nio/fs/WindowsException'{0x000000070b757c40}> (0x000000070b757c40) 
thrown [s\open\src\hotspot\share\prims\jni.cpp, line 516]
Event: 55.987 Thread 0x0000025c0b96e940 Exception <a 'sun/nio/fs/WindowsException'{0x000000070b76fa90}> (0x000000070b76fa90) 
thrown [s\open\src\hotspot\share\prims\jni.cpp, line 516]
Event: 55.987 Thread 0x0000025c0b96e940 Exception <a 'sun/nio/fs/WindowsException'{0x000000070b76fde0}> (0x000000070b76fde0) 
thrown [s\open\src\hotspot\share\prims\jni.cpp, line 516]
Event: 55.987 Thread 0x0000025c0b96e940 Exception <a 'sun/nio/fs/WindowsException'{0x000000070b7715d0}> (0x000000070b7715d0) 
thrown [s\open\src\hotspot\share\prims\jni.cpp, line 516]
Event: 55.987 Thread 0x0000025c0b96e940 Exception <a 'sun/nio/fs/WindowsException'{0x000000070b7719e0}> (0x000000070b7719e0) 
thrown [s\open\src\hotspot\share\prims\jni.cpp, line 516]
Event: 55.988 Thread 0x0000025c0b96e940 Exception <a 'sun/nio/fs/WindowsException'{0x000000070b774c30}> (0x000000070b774c30) 
thrown [s\open\src\hotspot\share\prims\jni.cpp, line 516]
Event: 55.988 Thread 0x0000025c0b96e940 Exception <a 'sun/nio/fs/WindowsException'{0x000000070b774fb8}> (0x000000070b774fb8) 
thrown [s\open\src\hotspot\share\prims\jni.cpp, line 516]
Event: 55.988 Thread 0x0000025c0b96e940 Exception <a 'sun/nio/fs/WindowsException'{0x000000070b776448}> (0x000000070b776448) 
thrown [s\open\src\hotspot\share\prims\jni.cpp, line 516]
Event: 55.988 Thread 0x0000025c0b96e940 Exception <a 'sun/nio/fs/WindowsException'{0x000000070b7767a8}> (0x000000070b7767a8) 
thrown [s\open\src\hotspot\share\prims\jni.cpp, line 516]
Event: 55.988 Thread 0x0000025c0b96e940 Exception <a 'sun/nio/fs/WindowsException'{0x000000070b782820}> (0x000000070b782820) 
thrown [s\open\src\hotspot\share\prims\jni.cpp, line 516]
Event: 55.989 Thread 0x0000025c0b96e940 Exception <a 'sun/nio/fs/WindowsException'{0x000000070b782b40}> (0x000000070b782b40) 
thrown [s\open\src\hotspot\share\prims\jni.cpp, line 516]
Event: 55.989 Thread 0x0000025c0b96e940 Exception <a 'sun/nio/fs/WindowsException'{0x000000070b7a7b50}> (0x000000070b7a7b50) 
thrown [s\open\src\hotspot\share\prims\jni.cpp, line 516]
Event: 55.989 Thread 0x0000025c0b96e940 Exception <a 'sun/nio/fs/WindowsException'{0x000000070b7a7eb0}> (0x000000070b7a7eb0) 
thrown [s\open\src\hotspot\share\prims\jni.cpp, line 516]
Event: 55.989 Thread 0x0000025c0b96e940 Exception <a 'sun/nio/fs/WindowsException'{0x000000070b7a9400}> (0x000000070b7a9400) 
thrown [s\open\src\hotspot\share\prims\jni.cpp, line 516]
Event: 55.989 Thread 0x0000025c0b96e940 Exception <a 'sun/nio/fs/WindowsException'{0x000000070b7a9820}> (0x000000070b7a9820) 
thrown [s\open\src\hotspot\share\prims\jni.cpp, line 516]

VM Operations (20 events):
Event: 53.523 Executing VM operation: ICBufferFull done
Event: 53.823 Executing VM operation: ICBufferFull
Event: 53.824 Executing VM operation: ICBufferFull done
Event: 54.209 Executing VM operation: ICBufferFull
Event: 54.209 Executing VM operation: ICBufferFull done
Event: 54.210 Executing VM operation: HandshakeAllThreads
Event: 54.226 Executing VM operation: HandshakeAllThreads done
Event: 54.978 Executing VM operation: G1CollectForAllocation
Event: 54.996 Executing VM operation: G1CollectForAllocation done
Event: 55.503 Executing VM operation: G1CollectForAllocation
Event: 55.515 Executing VM operation: G1CollectForAllocation done
Event: 55.655 Executing VM operation: G1Concurrent
Event: 55.662 Executing VM operation: G1Concurrent done
Event: 55.733 Executing VM operation: G1Concurrent
Event: 55.733 Executing VM operation: G1Concurrent done
Event: 56.110 Executing VM operation: G1CollectForAllocation
Event: 56.121 Executing VM operation: G1CollectForAllocation done
Event: 56.273 Executing VM operation: G1CollectForAllocation
Event: 56.283 Executing VM operation: G1CollectForAllocation done
Event: 56.379 Executing VM operation: G1CollectForAllocation

Events (20 events):
Event: 53.417 loading class java/util/stream/Nodes$IntFixedNodeBuilder done
Event: 53.417 loading class java/util/stream/ReferencePipeline$4$1
Event: 53.417 loading class java/util/stream/ReferencePipeline$4$1 done
Event: 53.955 loading class java/util/EnumMap$Values
Event: 53.955 loading class java/util/EnumMap$Values done
Event: 53.955 loading class java/util/EnumMap$ValueIterator
Event: 53.956 loading class java/util/EnumMap$ValueIterator done
Event: 53.959 loading class java/util/WeakHashMap$KeyIterator
Event: 53.960 loading class java/util/WeakHashMap$KeyIterator done
Event: 53.966 loading class java/text/MessageFormat$Field
Event: 53.966 loading class java/text/MessageFormat$Field done
Event: 54.229 Thread 0x0000025c750389e0 flushing nmethod 0x0000025c1c8c9810
Event: 54.229 Thread 0x0000025c750389e0 flushing nmethod 0x0000025c1c8f8f10
Event: 54.229 Thread 0x0000025c750389e0 flushing nmethod 0x0000025c1c8fa490
Event: 54.229 Thread 0x0000025c750389e0 flushing nmethod 0x0000025c1c980b90
Event: 54.229 Thread 0x0000025c750389e0 flushing nmethod 0x0000025c1c987310
Event: 54.238 Thread 0x0000025c750389e0 flushing nmethod 0x0000025c155c0b10
Event: 55.766 Thread 0x0000025c77afe080 Thread exited: 0x0000025c77afe080
Event: 56.019 loading class jdk/internal/module/IllegalAccessLogger
Event: 56.019 loading class jdk/internal/module/IllegalAccessLogger done


Dynamic libraries:
0x00007ff685240000 - 0x00007ff685250000 	C:\Program Files\Java\jdk-17\bin\java.exe
0x00007ffc90b90000 - 0x00007ffc90d85000 	C:\WINDOWS\SYSTEM32\ntdll.dll
0x00007ffc8f290000 - 0x00007ffc8f34e000 	C:\WINDOWS\System32\KERNEL32.DLL
0x00007ffc8e390000 - 0x00007ffc8e658000 	C:\WINDOWS\System32\KERNELBASE.dll
0x00007ffc8e920000 - 0x00007ffc8ea20000 	C:\WINDOWS\System32\ucrtbase.dll
0x00007ffc72c90000 - 0x00007ffc72ca9000 	C:\Program Files\Java\jdk-17\bin\jli.dll
0x00007ffc72e30000 - 0x00007ffc72e4b000 	C:\Program Files\Java\jdk-17\bin\VCRUNTIME140.dll
0x00007ffc904e0000 - 0x00007ffc9058c000 	C:\WINDOWS\System32\ADVAPI32.dll
0x00007ffc8fef0000 - 0x00007ffc8ff8e000 	C:\WINDOWS\System32\msvcrt.dll
0x00007ffc8f190000 - 0x00007ffc8f22b000 	C:\WINDOWS\System32\sechost.dll
0x00007ffc8f350000 - 0x00007ffc8f47a000 	C:\WINDOWS\System32\RPCRT4.dll
0x00007ffc8f4b0000 - 0x00007ffc8f651000 	C:\WINDOWS\System32\USER32.dll
0x00007ffc8e820000 - 0x00007ffc8e842000 	C:\WINDOWS\System32\win32u.dll
0x00007ffc7c0d0000 - 0x00007ffc7c36a000 	C:\WINDOWS\WinSxS\amd64_microsoft.windows.common-controls_6595b64144ccf1df_6.0.19041.1110_none_60b5254171f9507e\COMCTL32.dll
0x00007ffc8f480000 - 0x00007ffc8f4ab000 	C:\WINDOWS\System32\GDI32.dll
0x00007ffc8e660000 - 0x00007ffc8e76d000 	C:\WINDOWS\System32\gdi32full.dll
0x00007ffc8e850000 - 0x00007ffc8e8ed000 	C:\WINDOWS\System32\msvcp_win.dll
0x00007ffc7c600000 - 0x00007ffc7c60a000 	C:\WINDOWS\SYSTEM32\VERSION.dll
0x00007ffc8ff90000 - 0x00007ffc8ffc0000 	C:\WINDOWS\System32\IMM32.DLL
0x00007ffc72ad0000 - 0x00007ffc72adc000 	C:\Program Files\Java\jdk-17\bin\vcruntime140_1.dll
0x00007ffc64290000 - 0x00007ffc6431e000 	C:\Program Files\Java\jdk-17\bin\msvcp140.dll
0x00007ffc60390000 - 0x00007ffc60f6e000 	C:\Program Files\Java\jdk-17\bin\server\jvm.dll
0x00007ffc8fed0000 - 0x00007ffc8fed8000 	C:\WINDOWS\System32\PSAPI.DLL
0x00007ffc79630000 - 0x00007ffc79639000 	C:\WINDOWS\SYSTEM32\WSOCK32.dll
0x00007ffc7c0a0000 - 0x00007ffc7c0c7000 	C:\WINDOWS\SYSTEM32\WINMM.dll
0x00007ffc8ffd0000 - 0x00007ffc9003b000 	C:\WINDOWS\System32\WS2_32.dll
0x00007ffc8cae0000 - 0x00007ffc8caf2000 	C:\WINDOWS\SYSTEM32\kernel.appcore.dll
0x00007ffc72920000 - 0x00007ffc7292a000 	C:\Program Files\Java\jdk-17\bin\jimage.dll
0x00007ffc8c7f0000 - 0x00007ffc8c9d4000 	C:\WINDOWS\SYSTEM32\DBGHELP.DLL
0x00007ffc763d0000 - 0x00007ffc763fc000 	C:\WINDOWS\SYSTEM32\dbgcore.DLL
0x00007ffc8e300000 - 0x00007ffc8e382000 	C:\WINDOWS\System32\bcryptPrimitives.dll
0x00007ffc70370000 - 0x00007ffc70395000 	C:\Program Files\Java\jdk-17\bin\java.dll
0x00007ffc61450000 - 0x00007ffc61527000 	C:\Program Files\Java\jdk-17\bin\jsvml.dll
0x00007ffc8f780000 - 0x00007ffc8fec4000 	C:\WINDOWS\System32\SHELL32.dll
0x00007ffc8bf80000 - 0x00007ffc8c714000 	C:\WINDOWS\SYSTEM32\windows.storage.dll
0x00007ffc90040000 - 0x00007ffc90395000 	C:\WINDOWS\System32\combase.dll
0x00007ffc8db40000 - 0x00007ffc8db6e000 	C:\WINDOWS\SYSTEM32\Wldp.dll
0x00007ffc90660000 - 0x00007ffc9070d000 	C:\WINDOWS\System32\SHCORE.dll
0x00007ffc909c0000 - 0x00007ffc90a15000 	C:\WINDOWS\System32\shlwapi.dll
0x00007ffc8e1e0000 - 0x00007ffc8e1ff000 	C:\WINDOWS\SYSTEM32\profapi.dll
0x00007ffc719e0000 - 0x00007ffc719f9000 	C:\Program Files\Java\jdk-17\bin\net.dll
0x00007ffc873b0000 - 0x00007ffc874bc000 	C:\WINDOWS\SYSTEM32\WINHTTP.dll
0x00007ffc8d920000 - 0x00007ffc8d98a000 	C:\WINDOWS\system32\mswsock.dll
0x00007ffc6f1b0000 - 0x00007ffc6f1c6000 	C:\Program Files\Java\jdk-17\bin\nio.dll
0x00007ffc6c300000 - 0x00007ffc6c318000 	C:\Program Files\Java\jdk-17\bin\zip.dll
0x0000000069ac0000 - 0x0000000069ae4000 	C:\Users\matia\AppData\Local\Temp\jansi-2.4.0-41bf4d14c3bb0f82-jansi.dll
0x00007ffc743f0000 - 0x00007ffc74400000 	C:\Program Files\Java\jdk-17\bin\verify.dll

dbghelp: loaded successfully - version: 4.0.5 - missing functions: none
symbol engine: initialized successfully - sym options: 0x614 - pdb path: .;C:\Program Files\Java\jdk-17\bin;C:\WINDOWS\SYSTEM32;C:\WINDOWS\WinSxS\amd64_microsoft.windows.common-controls_6595b64144ccf1df_6.0.19041.1110_none_60b5254171f9507e;C:\Program Files\Java\jdk-17\bin\server;C:\Users\matia\AppData\Local\Temp

VM Arguments:
jvm_args: -Dmaven.multiModuleProjectDirectory=D:\Documentos\GITHUB\Proyecto SIMA\backSIMA 
java_command: org.apache.maven.wrapper.MavenWrapperMain clean package -DskipTests
java_class_path (initial): D:\Documentos\GITHUB\Proyecto SIMA\backSIMA\.mvn\wrapper\maven-wrapper.jar
Launcher Type: SUN_STANDARD

[Global flags]
     intx CICompilerCount                          = 3                                         {product} {ergonomic}
     uint ConcGCThreads                            = 1                                         {product} {ergonomic}
     uint G1ConcRefinementThreads                  = 4                                         {product} {ergonomic}
   size_t G1HeapRegionSize                         = 2097152                                   {product} {ergonomic}
    uintx GCDrainStackTargetSize                   = 64                                        {product} {ergonomic}
   size_t InitialHeapSize                          = 266338304                                 {product} {ergonomic}
   size_t MarkStackSize                            = 4194304                                   {product} {ergonomic}
   size_t MaxHeapSize                              = 4261412864                                {product} {ergonomic}
   size_t MaxNewSize                               = 2556428288                                {product} {ergonomic}
   size_t MinHeapDeltaBytes                        = 2097152                                   {product} {ergonomic}
   size_t MinHeapSize                              = 8388608                                   {product} {ergonomic}
    uintx NonNMethodCodeHeapSize                   = 5832780                                {pd product} {ergonomic}
    uintx NonProfiledCodeHeapSize                  = 122912730                              {pd product} {ergonomic}
    uintx ProfiledCodeHeapSize                     = 122912730                              {pd product} {ergonomic}
    uintx ReservedCodeCacheSize                    = 251658240                              {pd product} {ergonomic}
     bool SegmentedCodeCache                       = true                                      {product} {ergonomic}
   size_t SoftMaxHeapSize                          = 4261412864                             {manageable} {ergonomic}
     bool UseCompressedClassPointers               = true                           {product lp64_product} {ergonomic}
     bool UseCompressedOops                        = true                           {product lp64_product} {ergonomic}
     bool UseG1GC                                  = true                                      {product} {ergonomic}
     bool UseLargePagesIndividualAllocation        = false                                  {pd product} {ergonomic}

Logging:
Log output configuration:
 #0: stdout all=warning uptime,level,tags
 #1: stderr all=off uptime,level,tags

Environment Variables:
JAVA_HOME=C:\Program Files\Java\jdk-17
PATH=C:\Program Files\Common Files\Oracle\Java\javapath;C:\Users\matia\AppData\Local\Programs\Python\Python311;C:\Users\matia\AppData\Local\Programs\Python\Python311\Scripts;C:\WINDOWS\system32;C:\WINDOWS;C:\WINDOWS\System32\Wbem;C:\WINDOWS\System32\WindowsPowerShell\v1.0\;C:\WINDOWS\System32\OpenSSH\;C:\Program Files (x86)\Intel\Intel(R) Management Engine Components\DAL;C:\Program Files\Intel\Intel(R) Management Engine Components\DAL;C:\Program Files\Intel\WiFi\bin\;C:\Program Files\Common Files\Intel\WirelessCommon\;C:\Program Files\PuTTY\;C:\Program Files\Microsoft SQL Server\120\Tools\Binn\;C:\Program Files\Common Files\Autodesk Shared\;C:\Program Files\dotnet\;C:\Users\matia\AppData\Local\Microsoft\WindowsApps;C:\Program Files (x86)\Nmap;C:\Users\matia\AppData\Local\Programs\Microsoft VS Code\bin;C:\adb;C:\Program Files\Git\cmd;C:\msys64\mingw64\bin;C:\Program Files\nodejs\;C:\Program Files\Java\jdk-17\bin;C:\Program Files\Docker\Docker\resources\bin;C:\Program Files (x86)\Microsoft SQL Server\160\Tools\Binn\;C:\Program Files\Microsoft SQL Server\160\Tools\Binn\;C:\Program Files\Microsoft SQL Server\Client SDK\ODBC\170\Tools\Binn\;C:\Program Files\Microsoft SQL Server\160\DTS\Binn\;C:\Program Files (x86)\Microsoft SQL Server\160\DTS\Binn\;C:\Program Files\Azure Data Studio\bin;C:\Program Files\MySQL\MySQL Shell 8.0\bin\;C:\Program Files\JetBrains\IntelliJ IDEA 2022.2\bin;C:\Users\matia\AppData\Roaming\npm;C:\Program Files\sfdx\bin;C:\Users\matia\.fly\bin
USERNAME=matia
OS=Windows_NT
PROCESSOR_IDENTIFIER=Intel64 Family 6 Model 142 Stepping 9, GenuineIntel



---------------  S Y S T E M  ---------------

OS:
 Windows 10 , 64 bit Build 19041 (10.0.19041.1348)
OS uptime: 12 days 18:40 hours
Hyper-V role detected

CPU: total 4 (initial active 4) (2 cores per cpu, 2 threads per core) family 6 model 142 stepping 9 microcode 0xb4, cx8, cmov, fxsr, ht, mmx, 3dnowpref, sse, sse2, sse3, ssse3, sse4.1, sse4.2, popcnt, lzcnt, tsc, tscinvbit, avx, avx2, aes, erms, clmul, bmi1, bmi2, adx, fma, vzeroupper, clflush, clflushopt, hv

Memory: 4k page, system-wide physical 16249M (288M free)
TotalPageFile size 28537M (AvailPageFile size 14M)
current process WorkingSet (physical memory assigned to process): 350M, peak: 351M
current process commit charge ("private bytes"): 462M, peak: 526M

vm_info: Java HotSpot(TM) 64-Bit Server VM (17.0.8+9-LTS-211) for windows-amd64 JRE (17.0.8+9-LTS-211), built on Jun 14 2023 10:34:31 by "mach5one" with MS VC++ 17.1 (VS2022)

END.
